<?xml version="1.0" encoding="UTF-8"?>
<testsuite xmlns:xsi="http://www.w3.org/2001/XMLSchema-instance" xsi:noNamespaceSchemaLocation="https://maven.apache.org/surefire/maven-surefire-plugin/xsd/surefire-test-report.xsd" name="TestSuite" time="0.936" tests="10" errors="0" skipped="0" failures="0">
  <properties>
    <property name="java.specification.version" value="14"/>
    <property name="sun.cpu.isalist" value="amd64"/>
    <property name="sun.jnu.encoding" value="Cp1252"/>
    <property name="java.class.path" value="C:\Users\usuario\Desktop\2021-1\IngenieriaSoftware\examen_final_XChanitoX\target\test-classes;C:\Users\usuario\Desktop\2021-1\IngenieriaSoftware\examen_final_XChanitoX\target\classes;C:\Users\usuario\.m2\repository\org\testng\testng\7.3.0\testng-7.3.0.jar;C:\Users\usuario\.m2\repository\com\beust\jcommander\1.78\jcommander-1.78.jar;C:\Users\usuario\.m2\repository\org\apache\ant\ant\1.10.3\ant-1.10.3.jar;C:\Users\usuario\.m2\repository\org\apache\ant\ant-launcher\1.10.3\ant-launcher-1.10.3.jar;C:\Users\usuario\.m2\repository\junit\junit\4.12\junit-4.12.jar;C:\Users\usuario\.m2\repository\org\hamcrest\hamcrest-core\1.3\hamcrest-core-1.3.jar;C:\Users\usuario\.m2\repository\com\google\inject\guice\4.2.2\guice-4.2.2-no_aop.jar;C:\Users\usuario\.m2\repository\javax\inject\javax.inject\1\javax.inject-1.jar;C:\Users\usuario\.m2\repository\aopalliance\aopalliance\1.0\aopalliance-1.0.jar;C:\Users\usuario\.m2\repository\com\google\guava\guava\25.1-android\guava-25.1-android.jar;C:\Users\usuario\.m2\repository\com\google\code\findbugs\jsr305\3.0.2\jsr305-3.0.2.jar;C:\Users\usuario\.m2\repository\org\checkerframework\checker-compat-qual\2.0.0\checker-compat-qual-2.0.0.jar;C:\Users\usuario\.m2\repository\com\google\errorprone\error_prone_annotations\2.1.3\error_prone_annotations-2.1.3.jar;C:\Users\usuario\.m2\repository\com\google\j2objc\j2objc-annotations\1.1\j2objc-annotations-1.1.jar;C:\Users\usuario\.m2\repository\org\codehaus\mojo\animal-sniffer-annotations\1.14\animal-sniffer-annotations-1.14.jar;C:\Users\usuario\.m2\repository\org\yaml\snakeyaml\1.21\snakeyaml-1.21.jar;C:\Users\usuario\.m2\repository\org\codehaus\sonar\plugins\sonar-jacoco-plugin\3.2.1\sonar-jacoco-plugin-3.2.1.jar;C:\Users\usuario\.m2\repository\org\jacoco\org.jacoco.core\0.5.10.201208310627\org.jacoco.core-0.5.10.201208310627.jar;C:\Users\usuario\.m2\repository\asm\asm\3.3.1\asm-3.3.1.jar;C:\Users\usuario\.m2\repository\asm\asm-commons\3.3.1\asm-commons-3.3.1.jar;C:\Users\usuario\.m2\repository\asm\asm-tree\3.3.1\asm-tree-3.3.1.jar;C:\Users\usuario\.m2\repository\org\jacoco\org.jacoco.agent\0.5.10.201208310627\org.jacoco.agent-0.5.10.201208310627.jar;"/>
    <property name="java.vm.vendor" value="Oracle Corporation"/>
    <property name="sun.arch.data.model" value="64"/>
    <property name="user.variant" value=""/>
    <property name="java.vendor.url" value="https://java.oracle.com/"/>
    <property name="user.timezone" value="America/Lima"/>
    <property name="os.name" value="Windows 10"/>
    <property name="java.vm.specification.version" value="14"/>
    <property name="sun.java.launcher" value="SUN_STANDARD"/>
    <property name="user.country" value="US"/>
    <property name="sun.boot.library.path" value="C:\Program Files\Java\jdk-14.0.2\bin"/>
    <property name="sun.java.command" value="C:\Users\usuario\AppData\Local\Temp\surefire13427159770328079062\surefirebooter6097279559947964538.jar C:\Users\usuario\AppData\Local\Temp\surefire13427159770328079062 2021-07-26T17-45-16_693-jvmRun1 surefire14407603388949451306tmp surefire_08491672407593073895tmp"/>
    <property name="jdk.debug" value="release"/>
    <property name="surefire.test.class.path" value="C:\Users\usuario\Desktop\2021-1\IngenieriaSoftware\examen_final_XChanitoX\target\test-classes;C:\Users\usuario\Desktop\2021-1\IngenieriaSoftware\examen_final_XChanitoX\target\classes;C:\Users\usuario\.m2\repository\org\testng\testng\7.3.0\testng-7.3.0.jar;C:\Users\usuario\.m2\repository\com\beust\jcommander\1.78\jcommander-1.78.jar;C:\Users\usuario\.m2\repository\org\apache\ant\ant\1.10.3\ant-1.10.3.jar;C:\Users\usuario\.m2\repository\org\apache\ant\ant-launcher\1.10.3\ant-launcher-1.10.3.jar;C:\Users\usuario\.m2\repository\junit\junit\4.12\junit-4.12.jar;C:\Users\usuario\.m2\repository\org\hamcrest\hamcrest-core\1.3\hamcrest-core-1.3.jar;C:\Users\usuario\.m2\repository\com\google\inject\guice\4.2.2\guice-4.2.2-no_aop.jar;C:\Users\usuario\.m2\repository\javax\inject\javax.inject\1\javax.inject-1.jar;C:\Users\usuario\.m2\repository\aopalliance\aopalliance\1.0\aopalliance-1.0.jar;C:\Users\usuario\.m2\repository\com\google\guava\guava\25.1-android\guava-25.1-android.jar;C:\Users\usuario\.m2\repository\com\google\code\findbugs\jsr305\3.0.2\jsr305-3.0.2.jar;C:\Users\usuario\.m2\repository\org\checkerframework\checker-compat-qual\2.0.0\checker-compat-qual-2.0.0.jar;C:\Users\usuario\.m2\repository\com\google\errorprone\error_prone_annotations\2.1.3\error_prone_annotations-2.1.3.jar;C:\Users\usuario\.m2\repository\com\google\j2objc\j2objc-annotations\1.1\j2objc-annotations-1.1.jar;C:\Users\usuario\.m2\repository\org\codehaus\mojo\animal-sniffer-annotations\1.14\animal-sniffer-annotations-1.14.jar;C:\Users\usuario\.m2\repository\org\yaml\snakeyaml\1.21\snakeyaml-1.21.jar;C:\Users\usuario\.m2\repository\org\codehaus\sonar\plugins\sonar-jacoco-plugin\3.2.1\sonar-jacoco-plugin-3.2.1.jar;C:\Users\usuario\.m2\repository\org\jacoco\org.jacoco.core\0.5.10.201208310627\org.jacoco.core-0.5.10.201208310627.jar;C:\Users\usuario\.m2\repository\asm\asm\3.3.1\asm-3.3.1.jar;C:\Users\usuario\.m2\repository\asm\asm-commons\3.3.1\asm-commons-3.3.1.jar;C:\Users\usuario\.m2\repository\asm\asm-tree\3.3.1\asm-tree-3.3.1.jar;C:\Users\usuario\.m2\repository\org\jacoco\org.jacoco.agent\0.5.10.201208310627\org.jacoco.agent-0.5.10.201208310627.jar;"/>
    <property name="sun.cpu.endian" value="little"/>
    <property name="user.home" value="C:\Users\usuario"/>
    <property name="user.language" value="en"/>
    <property name="java.specification.vendor" value="Oracle Corporation"/>
    <property name="java.version.date" value="2020-07-14"/>
    <property name="java.home" value="C:\Program Files\Java\jdk-14.0.2"/>
    <property name="file.separator" value="\"/>
    <property name="basedir" value="C:\Users\usuario\Desktop\2021-1\IngenieriaSoftware\examen_final_XChanitoX"/>
    <property name="java.vm.compressedOopsMode" value="Zero based"/>
    <property name="line.separator" value="&#10;"/>
    <property name="java.vm.specification.vendor" value="Oracle Corporation"/>
    <property name="java.specification.name" value="Java Platform API Specification"/>
    <property name="surefire.real.class.path" value="C:\Users\usuario\AppData\Local\Temp\surefire13427159770328079062\surefirebooter6097279559947964538.jar"/>
    <property name="user.script" value=""/>
    <property name="sun.management.compiler" value="HotSpot 64-Bit Tiered Compilers"/>
    <property name="java.runtime.version" value="14.0.2+12-46"/>
    <property name="user.name" value="usuario"/>
    <property name="path.separator" value=";"/>
    <property name="os.version" value="10.0"/>
    <property name="java.runtime.name" value="Java(TM) SE Runtime Environment"/>
    <property name="file.encoding" value="Cp1252"/>
    <property name="java.vm.name" value="Java HotSpot(TM) 64-Bit Server VM"/>
    <property name="localRepository" value="C:\Users\usuario\.m2\repository"/>
    <property name="java.vendor.url.bug" value="https://bugreport.java.com/bugreport/"/>
    <property name="java.io.tmpdir" value="C:\Users\usuario\AppData\Local\Temp\"/>
    <property name="java.version" value="14.0.2"/>
    <property name="user.dir" value="C:\Users\usuario\Desktop\2021-1\IngenieriaSoftware\examen_final_XChanitoX"/>
    <property name="os.arch" value="amd64"/>
    <property name="java.vm.specification.name" value="Java Virtual Machine Specification"/>
    <property name="sun.os.patch.level" value=""/>
    <property name="java.library.path" value="C:\Program Files\Java\jdk-14.0.2\bin;C:\WINDOWS\Sun\Java\bin;C:\WINDOWS\system32;C:\WINDOWS;C:\Program Files\Common Files\Oracle\Java\javapath;C:\Program Files (x86)\Common Files\Oracle\Java\javapath;C:\Python38\Scripts\;C:\Python38\;C:\Program Files (x86)\Intel\iCLS Client\;C:\Program Files\Intel\iCLS Client\;C:\WINDOWS\system32;C:\WINDOWS;C:\WINDOWS\System32\Wbem;C:\WINDOWS\System32\WindowsPowerShell\v1.0\;C:\WINDOWS\System32\OpenSSH\;C:\Program Files (x86)\Intel\Intel(R) Management Engine Components\DAL;C:\Program Files\Intel\Intel(R) Management Engine Components\DAL;C:\Program Files (x86)\Intel\Intel(R) Management Engine Components\IPT;C:\Program Files\Intel\Intel(R) Management Engine Components\IPT;C:\Program Files\dotnet\;C:\Program Files\Microsoft SQL Server\130\Tools\Binn\;D:\Git\cmd;D:\Git\mingw64\bin;D:\Git\usr\bin;D:\nodejs\;C:\ProgramData\chocolatey\bin;C:\Program Files\Java\jdk-14.0.2\bin;C:\xampp\php;C:\Users\usuario\AppData\Local\Programs\Python\Python38-32\Scripts\;C:\Users\usuario\AppData\Local\Programs\Python\Python38-32\;C:\Users\usuario\AppData\Local\Microsoft\WindowsApps;D:\CLion 2019.1.2\bin;C:\Users\usuario\AppData\Local\atom\bin;C:\Users\usuario\AppData\Local\Programs\Microsoft VS Code\bin;C:\MinGW\bin;D:\JetBrains\DataGrip 2020.2.3\bin;C:\Users\usuario\AppData\Roaming\npm;C:\Users\usuario\AppData\Local\Microsoft\WindowsApps;C:\Users\usuario\AppData\Local\GitHubDesktop\bin;D:\heroku\bin;C:\Program Files\JetBrains\IntelliJ IDEA Community Edition 2021.1\bin;D:\apache-maven-3.8.1\bin;C:\Users\usuario\.dotnet\tools;C:\Program Files\JetBrains\IntelliJ IDEA 2021.1.1\bin;;C:\Program Files\MongoDB\Server\4.4\bin;;."/>
    <property name="java.vm.info" value="mixed mode, sharing"/>
    <property name="java.vendor" value="Oracle Corporation"/>
    <property name="java.vm.version" value="14.0.2+12-46"/>
    <property name="sun.io.unicode.encoding" value="UnicodeLittle"/>
    <property name="java.class.version" value="58.0"/>
  </properties>
  <testcase name="anhadirCentro" classname="AplicativoVacunacionTest" time="0.019"/>
  <testcase name="darDeAlta" classname="AplicativoVacunacionTest" time="0"/>
  <testcase name="respuestaReporte" classname="AplicativoVacunacionTest" time="0.034"/>
  <testcase name="agregarVacunado" classname="CentroVacunacionTest" time="0"/>
  <testcase name="cantidadVacunadosCompletamente" classname="CentroVacunacionTest" time="0"/>
  <testcase name="cantidadVacunadosParciales" classname="CentroVacunacionTest" time="0"/>
  <testcase name="getNombre" classname="CentroVacunacionTest" time="0"/>
  <testcase name="cerrarSesion" classname="UsuarioTest" time="0.001"/>
  <testcase name="login" classname="UsuarioTest" time="0.002"/>
  <testcase name="vacunarse" classname="VacunadoTest" time="0"/>
</testsuite>