<?xml version="1.0" encoding="UTF-8"?>
<!-- Generated by org.testng.reporters.JUnitReportReporter -->
<testsuite hostname="DESKTOP-8D03G2C" failures="0" tests="3" name="AplicativoVacunacionTest" time="0.046" errors="0" timestamp="2021-07-26T17:45:18 PET" skipped="0">
  <testcase classname="AplicativoVacunacionTest" name="darDeAlta" time="0.000"/>
  <system-out/>
  <testcase classname="AplicativoVacunacionTest" name="respuestaReporte" time="0.029"/>
  <system-out/>
  <testcase classname="AplicativoVacunacionTest" name="anhadirCentro" time="0.017"/>
  <system-out/>
</testsuite> <!-- AplicativoVacunacionTest -->
