<?xml version="1.0" encoding="UTF-8"?>
<!-- Generated by org.testng.reporters.JUnitReportReporter -->
<testsuite hostname="DESKTOP-8D03G2C" failures="0" tests="2" name="UsuarioTest" time="0.002" errors="0" timestamp="2021-07-26T18:28:53 PET" skipped="0">
  <testcase classname="UsuarioTest" name="cerrarSesion" time="0.002"/>
  <system-out/>
  <testcase classname="UsuarioTest" name="login" time="0.000"/>
  <system-out/>
</testsuite> <!-- UsuarioTest -->
