<?xml version="1.0" encoding="UTF-8"?>
<!-- Generated by org.testng.reporters.JUnitReportReporter -->
<testsuite hostname="DESKTOP-8D03G2C" failures="0" tests="1" name="VacunadoTest" time="0.000" errors="0" timestamp="2021-07-26T18:28:53 PET" skipped="0">
  <testcase classname="VacunadoTest" name="vacunarse" time="0.000"/>
  <system-out/>
</testsuite> <!-- VacunadoTest -->
