<?xml version="1.0" encoding="UTF-8"?>
<!-- Generated by org.testng.reporters.JUnitReportReporter -->
<testsuite hostname="DESKTOP-8D03G2C" failures="0" tests="4" name="CentroVacunacionTest" time="0.004" errors="0" timestamp="2021-07-26T18:28:53 PET" skipped="0">
  <testcase classname="CentroVacunacionTest" name="cantidadVacunadosParciales" time="0.000"/>
  <system-out/>
  <testcase classname="CentroVacunacionTest" name="agregarVacunado" time="0.002"/>
  <system-out/>
  <testcase classname="CentroVacunacionTest" name="cantidadVacunadosCompletamente" time="0.000"/>
  <system-out/>
  <testcase classname="CentroVacunacionTest" name="getNombre" time="0.002"/>
  <system-out/>
</testsuite> <!-- CentroVacunacionTest -->
